{"level":"info","message":"Server started successfully","timestamp":"2025-12-21T07:48:21.690Z"}
{"level":"error","message":"Database connection failed","timestamp":"2025-12-21T07:48:21.696Z"}
{"level":"info","message":"Server started successfully","timestamp":"2025-12-21T07:49:45.318Z"}
{"level":"error","message":"Database connection failed","timestamp":"2025-12-21T07:49:45.325Z"}
{"level":"info","message":"Server started successfully","timestamp":"2025-12-21T07:52:42.716Z"}
{"level":"error","message":"Database connection failed","timestamp":"2025-12-21T07:52:42.722Z"}
{"level":"info","message":"Server started successfully","timestamp":"2025-12-21T07:54:21.598Z"}
{"level":"error","message":"Database connection failed","timestamp":"2025-12-21T07:54:21.604Z"}
{"level":"info","message":"Server started successfully","timestamp":"2025-12-21T07:57:09.239Z"}
{"level":"error","message":"Database connection failed","timestamp":"2025-12-21T07:57:09.245Z"}
{"level":"info","message":"Server running on port 3000","timestamp":"2025-12-21T08:08:51.705Z"}
{"level":"info","message":"Connected to SQLite database","timestamp":"2025-12-21T08:08:51.717Z"}
{"level":"info","message":"SSL Certificates loaded successfully.","timestamp":"2025-12-21T08:16:55.731Z"}
{"level":"info","message":"HTTPS Server running on port 3000","timestamp":"2025-12-21T08:16:55.800Z"}
{"level":"info","message":"Connected to SQLite database","timestamp":"2025-12-21T08:16:55.810Z"}
{"level":"info","message":"SSL Certificates loaded successfully.","timestamp":"2025-12-22T12:51:16.672Z"}
{"level":"info","message":"HTTPS Server running on port 3000","timestamp":"2025-12-22T12:51:16.732Z"}
{"level":"info","message":"Connected to SQLite database","timestamp":"2025-12-22T12:51:16.757Z"}
{"level":"info","message":"SSL Certificates loaded successfully.","timestamp":"2025-12-23T09:00:37.873Z"}
{"level":"info","message":"HTTPS Server running on port 3000","timestamp":"2025-12-23T09:00:38.858Z"}
{"level":"info","message":"Connected to SQLite database","timestamp":"2025-12-23T09:00:38.877Z"}
{"level":"info","message":"SSL Certificates loaded successfully.","timestamp":"2025-12-26T00:51:24.094Z"}
{"level":"info","message":"HTTPS Server running on port 3000","timestamp":"2025-12-26T00:51:24.235Z"}
{"level":"info","message":"Connected to SQLite database","timestamp":"2025-12-26T00:51:24.282Z"}
{"level":"info","message":"SSL Certificates loaded successfully.","timestamp":"2025-12-26T14:03:08.500Z"}
{"level":"info","message":"HTTPS Server running on port 3000","timestamp":"2025-12-26T14:03:09.223Z"}
{"level":"info","message":"Connected to SQLite database","timestamp":"2025-12-26T14:03:09.231Z"}
{"level":"info","message":"SSL Certificates loaded successfully.","timestamp":"2025-12-30T13:51:52.838Z"}
{"level":"info","message":"HTTPS Server running on port 3000","timestamp":"2025-12-30T13:51:53.312Z"}
{"level":"info","message":"Connected to SQLite database","timestamp":"2025-12-30T13:51:53.543Z"}
{"level":"info","message":"SSL Certificates loaded successfully.","timestamp":"2025-12-30T14:01:00.789Z"}
{"level":"info","message":"HTTPS Server running on port 3000","timestamp":"2025-12-30T14:01:00.911Z"}
{"level":"info","message":"Connected to SQLite database","timestamp":"2025-12-30T14:01:00.919Z"}
{"level":"info","message":"SSL Certificates loaded successfully.","timestamp":"2025-12-30T14:14:27.642Z"}
{"level":"info","message":"HTTPS Server running on port 3000","timestamp":"2025-12-30T14:14:27.785Z"}
{"level":"info","message":"Connected to SQLite database","timestamp":"2025-12-30T14:14:27.793Z"}
{"level":"info","message":"SSL Certificates loaded successfully.","timestamp":"2025-12-30T14:22:17.696Z"}
{"level":"info","message":"HTTPS Server running on port 3000","timestamp":"2025-12-30T14:22:17.761Z"}
{"level":"info","message":"Connected to SQLite database","timestamp":"2025-12-30T14:22:17.765Z"}
{"level":"info","message":"SSL Certificates loaded successfully.","timestamp":"2025-12-30T14:54:17.680Z"}
{"level":"info","message":"HTTPS Server running on port 3000","timestamp":"2025-12-30T14:54:17.741Z"}
{"level":"info","message":"Connected to SQLite database","timestamp":"2025-12-30T14:54:17.745Z"}
{"level":"info","message":"SSL Certificates loaded successfully.","timestamp":"2025-12-30T15:00:04.930Z"}
{"level":"info","message":"HTTPS Server running on port 3000","timestamp":"2025-12-30T15:00:04.997Z"}
{"level":"info","message":"Connected to SQLite database","timestamp":"2025-12-30T15:00:05.005Z"}
{"level":"info","message":"SSL Certificates loaded successfully.","timestamp":"2025-12-30T15:04:35.280Z"}
{"level":"info","message":"HTTPS Server running on port 3000","timestamp":"2025-12-30T15:04:35.345Z"}
{"level":"info","message":"Connected to SQLite database","timestamp":"2025-12-30T15:04:35.349Z"}
{"level":"info","message":"SSL Certificates loaded successfully.","timestamp":"2025-12-31T00:46:37.607Z"}
{"level":"info","message":"HTTPS Server running on port 3000","timestamp":"2025-12-31T00:46:37.676Z"}
{"level":"info","message":"Connected to SQLite database","timestamp":"2025-12-31T00:46:37.688Z"}
